<?xml version="1.0" encoding="utf-8" standalone="no"?>
<!--This file represents the results of running a test suite-->
<test-results name="C:\Users\rmuhamedyarov\Documents\Visual Studio 2013\Projects\BoardmapsTest\BoardmapsTest\bin\Debug\BoardmapsTest.dll" total="1" errors="1" failures="0" not-run="0" inconclusive="0" ignored="0" skipped="0" invalid="0" date="2014-10-17" time="15:02:17">
  <environment nunit-version="2.6.3.13283" clr-version="2.0.50727.8000" os-version="Microsoft Windows NT 6.2.9200.0" platform="Win32NT" cwd="C:\Program Files (x86)\NUnit 2.6.3\bin" machine-name="MUHAMEDYAROV" user="rmuhamedyarov" user-domain="OFFICE" />
  <culture-info current-culture="ru-RU" current-uiculture="ru-RU" />
  <test-suite type="Assembly" name="C:\Users\rmuhamedyarov\Documents\Visual Studio 2013\Projects\BoardmapsTest\BoardmapsTest\bin\Debug\BoardmapsTest.dll" executed="True" result="Failure" success="False" time="15.176" asserts="0">
    <results>
      <test-suite type="Namespace" name="BoardmapsTest" executed="True" result="Failure" success="False" time="15.162" asserts="0">
        <results>
          <test-suite type="TestFixture" name="Class1" executed="True" result="Failure" success="False" time="15.160" asserts="0">
            <results>
              <test-case name="BoardmapsTest.Class1.TestSuite" executed="True" result="Error" success="False" time="15.149" asserts="0">
                <failure>
                  <message><![CDATA[OpenQA.Selenium.WebDriverTimeoutException : Timed out after 10 seconds
  ----> OpenQA.Selenium.NoSuchElementException : no such element
  (Session info: chrome=38.0.2125.101)
  (Driver info: chromedriver=2.11.298604 (75ea2fdb5c87f133a8e1b8da16f6091fb7d5321e),platform=Windows NT 6.3 x86_64)]]></message>
                  <stack-trace><![CDATA[в OpenQA.Selenium.Support.UI.DefaultWait`1.ThrowTimeoutException(String exceptionMessage, Exception lastException) в c:\Projects\webdriver\dotnet\src\support\UI\DefaultWait.cs:строка 215
в OpenQA.Selenium.Support.UI.DefaultWait`1.Until[TResult](Func`2 condition) в c:\Projects\webdriver\dotnet\src\support\UI\DefaultWait.cs:строка 202
в BoardmapsTest.Class1.WaitUntilIwebelemetnExists(String element) в c:\Users\rmuhamedyarov\Documents\Visual Studio 2013\Projects\BoardmapsTest\BoardmapsTest\Class1.cs:строка 38
в BoardmapsTest.Class1.ValidLogin(String login, String password) в c:\Users\rmuhamedyarov\Documents\Visual Studio 2013\Projects\BoardmapsTest\BoardmapsTest\Class1.cs:строка 72
в BoardmapsTest.Class1.TestSuite() в c:\Users\rmuhamedyarov\Documents\Visual Studio 2013\Projects\BoardmapsTest\BoardmapsTest\Class1.cs:строка 127
--NoSuchElementException
в OpenQA.Selenium.Remote.RemoteWebDriver.UnpackAndThrowOnError(Response errorResponse)
в OpenQA.Selenium.Remote.RemoteWebDriver.Execute(String driverCommandToExecute, Dictionary`2 parameters)
в OpenQA.Selenium.Remote.RemoteWebDriver.FindElement(String mechanism, String value)
в OpenQA.Selenium.By.FindElement(ISearchContext context)
в OpenQA.Selenium.Support.UI.ExpectedConditions.<>c__DisplayClassa.<ElementIsVisible>b__9(IWebDriver driver) в c:\Projects\webdriver\dotnet\src\support\UI\ExpectedConditions.cs:строка 87
в OpenQA.Selenium.Support.UI.DefaultWait`1.Until[TResult](Func`2 condition) в c:\Projects\webdriver\dotnet\src\support\UI\DefaultWait.cs:строка 162
]]></stack-trace>
                </failure>
              </test-case>
            </results>
          </test-suite>
        </results>
      </test-suite>
    </results>
  </test-suite>
</test-results>